{"C:\\Users\\MAKBEL\\Documents\\GitHub\\Week3\\Jest-test-it\\string-length.js": {"path":"C:\\Users\\MAKBEL\\Documents\\GitHub\\Week3\\Jest-test-it\\string-length.js","statementMap":{"0":{"start":{"line":1,"column":21},"end":{"line":5,"column":3}},"1":{"start":{"line":2,"column":12},"end":{"line":2,"column":32}},"2":{"start":{"line":3,"column":14},"end":{"line":3,"column":41}},"3":{"start":{"line":4,"column":4},"end":{"line":4,"column":15}},"4":{"start":{"line":7,"column":2},"end":{"line":7,"column":32}}},"fnMap":{"0":{"name":"(anonymous_0)","decl":{"start":{"line":1,"column":21},"end":{"line":1,"column":22}},"loc":{"start":{"line":1,"column":31},"end":{"line":5,"column":3}},"line":1}},"branchMap":{"0":{"loc":{"start":{"line":3,"column":14},"end":{"line":3,"column":41}},"type":"cond-expr","locations":[{"start":{"line":3,"column":30},"end":{"line":3,"column":31}},{"start":{"line":3,"column":34},"end":{"line":3,"column":41}}],"line":3},"1":{"loc":{"start":{"line":3,"column":15},"end":{"line":3,"column":27}},"type":"binary-expr","locations":[{"start":{"line":3,"column":15},"end":{"line":3,"column":18}},{"start":{"line":3,"column":22},"end":{"line":3,"column":27}}],"line":3}},"s":{"0":1,"1":3,"2":3,"3":3,"4":1},"f":{"0":3},"b":{"0":[1,2],"1":[3,2]},"_coverageSchema":"1a1c01bbd47fc00a2c39e90264f33305004495a9","hash":"be71ec977a00743d41e302bc74298ae14c0033bf"}
}
